2022-06-13 10:12:27.278  INFO 5956 --- [restartedMain] com.example.demo.LiquorApplication       : Starting LiquorApplication using Java 17.0.3 on S2200059 with PID 5956 (C:\newFolder\teamA\bin\main started by 2936 in C:\newFolder\teamA)
2022-06-13 10:12:27.288  INFO 5956 --- [restartedMain] com.example.demo.LiquorApplication       : No active profile set, falling back to 1 default profile: "default"
2022-06-13 10:12:27.410  INFO 5956 --- [restartedMain] .e.DevToolsPropertyDefaultsPostProcessor : Devtools property defaults active! Set 'spring.devtools.add-properties' to 'false' to disable
2022-06-13 10:12:27.412  INFO 5956 --- [restartedMain] .e.DevToolsPropertyDefaultsPostProcessor : For additional web related logging consider setting the 'logging.level.web' property to 'DEBUG'
2022-06-13 10:12:29.434  INFO 5956 --- [restartedMain] o.s.b.w.embedded.tomcat.TomcatWebServer  : Tomcat initialized with port(s): 8080 (http)
2022-06-13 10:12:29.456  INFO 5956 --- [restartedMain] o.apache.catalina.core.StandardService   : Starting service [Tomcat]
2022-06-13 10:12:29.457  INFO 5956 --- [restartedMain] org.apache.catalina.core.StandardEngine  : Starting Servlet engine: [Apache Tomcat/9.0.63]
2022-06-13 10:12:29.622  INFO 5956 --- [restartedMain] o.a.c.c.C.[Tomcat].[localhost].[/]       : Initializing Spring embedded WebApplicationContext
2022-06-13 10:12:29.624  INFO 5956 --- [restartedMain] w.s.c.ServletWebServerApplicationContext : Root WebApplicationContext: initialization completed in 2209 ms
2022-06-13 10:12:30.620  INFO 5956 --- [restartedMain] o.s.b.d.a.OptionalLiveReloadServer       : LiveReload server is running on port 35729
2022-06-13 10:12:30.725  INFO 5956 --- [restartedMain] o.s.b.w.embedded.tomcat.TomcatWebServer  : Tomcat started on port(s): 8080 (http) with context path ''
2022-06-13 10:12:30.742  INFO 5956 --- [restartedMain] com.example.demo.LiquorApplication       : Started LiquorApplication in 3.935 seconds (JVM running for 5.191)
2022-06-13 10:13:48.552  INFO 5956 --- [http-nio-8080-exec-1] o.a.c.c.C.[Tomcat].[localhost].[/]       : Initializing Spring DispatcherServlet 'dispatcherServlet'
2022-06-13 10:13:48.553  INFO 5956 --- [http-nio-8080-exec-1] o.s.web.servlet.DispatcherServlet        : Initializing Servlet 'dispatcherServlet'
2022-06-13 10:13:48.555  INFO 5956 --- [http-nio-8080-exec-1] o.s.web.servlet.DispatcherServlet        : Completed initialization in 1 ms
2022-06-13 10:44:57.309  INFO 7924 --- [restartedMain] com.example.demo.LiquorApplication       : Starting LiquorApplication using Java 17.0.3 on S2200059 with PID 7924 (C:\newFolder\teamA\bin\main started by 2936 in C:\newFolder\teamA)
2022-06-13 10:44:57.312  INFO 7924 --- [restartedMain] com.example.demo.LiquorApplication       : No active profile set, falling back to 1 default profile: "default"
2022-06-13 10:44:57.396  INFO 7924 --- [restartedMain] .e.DevToolsPropertyDefaultsPostProcessor : Devtools property defaults active! Set 'spring.devtools.add-properties' to 'false' to disable
2022-06-13 10:44:57.398  INFO 7924 --- [restartedMain] .e.DevToolsPropertyDefaultsPostProcessor : For additional web related logging consider setting the 'logging.level.web' property to 'DEBUG'
2022-06-13 10:44:59.115  INFO 7924 --- [restartedMain] o.s.b.w.embedded.tomcat.TomcatWebServer  : Tomcat initialized with port(s): 8080 (http)
2022-06-13 10:44:59.135  INFO 7924 --- [restartedMain] o.apache.catalina.core.StandardService   : Starting service [Tomcat]
2022-06-13 10:44:59.137  INFO 7924 --- [restartedMain] org.apache.catalina.core.StandardEngine  : Starting Servlet engine: [Apache Tomcat/9.0.63]
2022-06-13 10:44:59.273  INFO 7924 --- [restartedMain] o.a.c.c.C.[Tomcat].[localhost].[/]       : Initializing Spring embedded WebApplicationContext
2022-06-13 10:44:59.275  INFO 7924 --- [restartedMain] w.s.c.ServletWebServerApplicationContext : Root WebApplicationContext: initialization completed in 1875 ms
2022-06-13 10:45:00.279  INFO 7924 --- [restartedMain] o.s.b.d.a.OptionalLiveReloadServer       : LiveReload server is running on port 35729
2022-06-13 10:45:00.363  INFO 7924 --- [restartedMain] o.s.b.w.embedded.tomcat.TomcatWebServer  : Tomcat started on port(s): 8080 (http) with context path ''
2022-06-13 10:45:00.380  INFO 7924 --- [restartedMain] com.example.demo.LiquorApplication       : Started LiquorApplication in 3.612 seconds (JVM running for 4.652)
2022-06-13 10:45:05.205  INFO 7924 --- [http-nio-8080-exec-2] o.a.c.c.C.[Tomcat].[localhost].[/]       : Initializing Spring DispatcherServlet 'dispatcherServlet'
2022-06-13 10:45:05.208  INFO 7924 --- [http-nio-8080-exec-2] o.s.web.servlet.DispatcherServlet        : Initializing Servlet 'dispatcherServlet'
2022-06-13 10:45:05.211  INFO 7924 --- [http-nio-8080-exec-2] o.s.web.servlet.DispatcherServlet        : Completed initialization in 2 ms
2022-06-13 10:47:27.043  INFO 1168 --- [restartedMain] com.example.demo.LiquorApplication       : Starting LiquorApplication using Java 17.0.3 on S2200059 with PID 1168 (C:\newFolder\teamA\bin\main started by 2936 in C:\newFolder\teamA)
2022-06-13 10:47:27.058  INFO 1168 --- [restartedMain] com.example.demo.LiquorApplication       : No active profile set, falling back to 1 default profile: "default"
2022-06-13 10:47:27.150  INFO 1168 --- [restartedMain] .e.DevToolsPropertyDefaultsPostProcessor : Devtools property defaults active! Set 'spring.devtools.add-properties' to 'false' to disable
2022-06-13 10:47:27.157  INFO 1168 --- [restartedMain] .e.DevToolsPropertyDefaultsPostProcessor : For additional web related logging consider setting the 'logging.level.web' property to 'DEBUG'
2022-06-13 10:47:29.308  INFO 1168 --- [restartedMain] o.s.b.w.embedded.tomcat.TomcatWebServer  : Tomcat initialized with port(s): 8080 (http)
2022-06-13 10:47:29.328  INFO 1168 --- [restartedMain] o.apache.catalina.core.StandardService   : Starting service [Tomcat]
2022-06-13 10:47:29.328  INFO 1168 --- [restartedMain] org.apache.catalina.core.StandardEngine  : Starting Servlet engine: [Apache Tomcat/9.0.63]
2022-06-13 10:47:29.454  INFO 1168 --- [restartedMain] o.a.c.c.C.[Tomcat].[localhost].[/]       : Initializing Spring embedded WebApplicationContext
2022-06-13 10:47:29.459  INFO 1168 --- [restartedMain] w.s.c.ServletWebServerApplicationContext : Root WebApplicationContext: initialization completed in 2301 ms
2022-06-13 10:47:30.498  INFO 1168 --- [restartedMain] o.s.b.d.a.OptionalLiveReloadServer       : LiveReload server is running on port 35729
2022-06-13 10:47:30.568  INFO 1168 --- [restartedMain] o.s.b.w.embedded.tomcat.TomcatWebServer  : Tomcat started on port(s): 8080 (http) with context path ''
2022-06-13 10:47:30.583  INFO 1168 --- [restartedMain] com.example.demo.LiquorApplication       : Started LiquorApplication in 4.176 seconds (JVM running for 4.971)
2022-06-13 10:47:30.701  INFO 1168 --- [http-nio-8080-exec-1] o.a.c.c.C.[Tomcat].[localhost].[/]       : Initializing Spring DispatcherServlet 'dispatcherServlet'
2022-06-13 10:47:30.703  INFO 1168 --- [http-nio-8080-exec-1] o.s.web.servlet.DispatcherServlet        : Initializing Servlet 'dispatcherServlet'
2022-06-13 10:47:30.709  INFO 1168 --- [http-nio-8080-exec-1] o.s.web.servlet.DispatcherServlet        : Completed initialization in 4 ms
